[10-Nov-2022 22:07:06 America/Mexico_City] PHP Warning:  Undefined array key "alumno_id" in C:\xampp\htdocs\escuela\models\profesormateriamodel.php on line 18
[10-Nov-2022 22:07:06 America/Mexico_City] PHP Warning:  Undefined array key "Nombre_Completo" in C:\xampp\htdocs\escuela\models\profesormateriamodel.php on line 19
[10-Nov-2022 22:07:06 America/Mexico_City] PHP Warning:  Undefined array key "Sexo" in C:\xampp\htdocs\escuela\models\profesormateriamodel.php on line 20
[10-Nov-2022 22:07:06 America/Mexico_City] PHP Warning:  Undefined array key "Curp" in C:\xampp\htdocs\escuela\models\profesormateriamodel.php on line 21
[10-Nov-2022 22:07:06 America/Mexico_City] PHP Warning:  Undefined array key "Edad" in C:\xampp\htdocs\escuela\models\profesormateriamodel.php on line 22
[10-Nov-2022 22:07:06 America/Mexico_City] PHP Warning:  Undefined array key "Foto_alumno" in C:\xampp\htdocs\escuela\models\profesormateriamodel.php on line 23
[10-Nov-2022 22:07:06 America/Mexico_City] PHP Warning:  Undefined array key "id_Estatus" in C:\xampp\htdocs\escuela\models\profesormateriamodel.php on line 24
[10-Nov-2022 22:07:06 America/Mexico_City] PHP Warning:  Undefined array key "alumno_id" in C:\xampp\htdocs\escuela\models\profesormateriamodel.php on line 18
[10-Nov-2022 22:07:06 America/Mexico_City] PHP Warning:  Undefined array key "Nombre_Completo" in C:\xampp\htdocs\escuela\models\profesormateriamodel.php on line 19
[10-Nov-2022 22:07:06 America/Mexico_City] PHP Warning:  Undefined array key "Sexo" in C:\xampp\htdocs\escuela\models\profesormateriamodel.php on line 20
[10-Nov-2022 22:07:06 America/Mexico_City] PHP Warning:  Undefined array key "Curp" in C:\xampp\htdocs\escuela\models\profesormateriamodel.php on line 21
[10-Nov-2022 22:07:06 America/Mexico_City] PHP Warning:  Undefined array key "Edad" in C:\xampp\htdocs\escuela\models\profesormateriamodel.php on line 22
[10-Nov-2022 22:07:06 America/Mexico_City] PHP Warning:  Undefined array key "Foto_alumno" in C:\xampp\htdocs\escuela\models\profesormateriamodel.php on line 23
[10-Nov-2022 22:07:06 America/Mexico_City] PHP Warning:  Undefined array key "id_Estatus" in C:\xampp\htdocs\escuela\models\profesormateriamodel.php on line 24
[10-Nov-2022 22:07:26 America/Mexico_City] PHP Deprecated:  rtrim(): Passing null to parameter #1 ($string) of type string is deprecated in C:\xampp\htdocs\escuela\libs\app.php on line 11
[10-Nov-2022 22:07:59 America/Mexico_City] PHP Warning:  Undefined array key "alumno_id" in C:\xampp\htdocs\escuela\models\profesormateriamodel.php on line 18
[10-Nov-2022 22:07:59 America/Mexico_City] PHP Warning:  Undefined array key "Nombre_Completo" in C:\xampp\htdocs\escuela\models\profesormateriamodel.php on line 19
[10-Nov-2022 22:07:59 America/Mexico_City] PHP Warning:  Undefined array key "Sexo" in C:\xampp\htdocs\escuela\models\profesormateriamodel.php on line 20
[10-Nov-2022 22:07:59 America/Mexico_City] PHP Warning:  Undefined array key "Curp" in C:\xampp\htdocs\escuela\models\profesormateriamodel.php on line 21
[10-Nov-2022 22:07:59 America/Mexico_City] PHP Warning:  Undefined array key "Edad" in C:\xampp\htdocs\escuela\models\profesormateriamodel.php on line 22
[10-Nov-2022 22:07:59 America/Mexico_City] PHP Warning:  Undefined array key "Foto_alumno" in C:\xampp\htdocs\escuela\models\profesormateriamodel.php on line 23
[10-Nov-2022 22:07:59 America/Mexico_City] PHP Warning:  Undefined array key "id_Estatus" in C:\xampp\htdocs\escuela\models\profesormateriamodel.php on line 24
[10-Nov-2022 22:07:59 America/Mexico_City] PHP Warning:  Undefined array key "alumno_id" in C:\xampp\htdocs\escuela\models\profesormateriamodel.php on line 18
[10-Nov-2022 22:07:59 America/Mexico_City] PHP Warning:  Undefined array key "Nombre_Completo" in C:\xampp\htdocs\escuela\models\profesormateriamodel.php on line 19
[10-Nov-2022 22:07:59 America/Mexico_City] PHP Warning:  Undefined array key "Sexo" in C:\xampp\htdocs\escuela\models\profesormateriamodel.php on line 20
[10-Nov-2022 22:07:59 America/Mexico_City] PHP Warning:  Undefined array key "Curp" in C:\xampp\htdocs\escuela\models\profesormateriamodel.php on line 21
[10-Nov-2022 22:07:59 America/Mexico_City] PHP Warning:  Undefined array key "Edad" in C:\xampp\htdocs\escuela\models\profesormateriamodel.php on line 22
[10-Nov-2022 22:07:59 America/Mexico_City] PHP Warning:  Undefined array key "Foto_alumno" in C:\xampp\htdocs\escuela\models\profesormateriamodel.php on line 23
[10-Nov-2022 22:07:59 America/Mexico_City] PHP Warning:  Undefined array key "id_Estatus" in C:\xampp\htdocs\escuela\models\profesormateriamodel.php on line 24
[10-Nov-2022 22:08:01 America/Mexico_City] PHP Warning:  Undefined array key "alumno_id" in C:\xampp\htdocs\escuela\models\profesormateriamodel.php on line 18
[10-Nov-2022 22:08:01 America/Mexico_City] PHP Warning:  Undefined array key "Nombre_Completo" in C:\xampp\htdocs\escuela\models\profesormateriamodel.php on line 19
[10-Nov-2022 22:08:01 America/Mexico_City] PHP Warning:  Undefined array key "Sexo" in C:\xampp\htdocs\escuela\models\profesormateriamodel.php on line 20
[10-Nov-2022 22:08:01 America/Mexico_City] PHP Warning:  Undefined array key "Curp" in C:\xampp\htdocs\escuela\models\profesormateriamodel.php on line 21
[10-Nov-2022 22:08:01 America/Mexico_City] PHP Warning:  Undefined array key "Edad" in C:\xampp\htdocs\escuela\models\profesormateriamodel.php on line 22
[10-Nov-2022 22:08:01 America/Mexico_City] PHP Warning:  Undefined array key "Foto_alumno" in C:\xampp\htdocs\escuela\models\profesormateriamodel.php on line 23
[10-Nov-2022 22:08:01 America/Mexico_City] PHP Warning:  Undefined array key "id_Estatus" in C:\xampp\htdocs\escuela\models\profesormateriamodel.php on line 24
[10-Nov-2022 22:08:01 America/Mexico_City] PHP Warning:  Undefined array key "alumno_id" in C:\xampp\htdocs\escuela\models\profesormateriamodel.php on line 18
[10-Nov-2022 22:08:01 America/Mexico_City] PHP Warning:  Undefined array key "Nombre_Completo" in C:\xampp\htdocs\escuela\models\profesormateriamodel.php on line 19
[10-Nov-2022 22:08:01 America/Mexico_City] PHP Warning:  Undefined array key "Sexo" in C:\xampp\htdocs\escuela\models\profesormateriamodel.php on line 20
[10-Nov-2022 22:08:01 America/Mexico_City] PHP Warning:  Undefined array key "Curp" in C:\xampp\htdocs\escuela\models\profesormateriamodel.php on line 21
[10-Nov-2022 22:08:01 America/Mexico_City] PHP Warning:  Undefined array key "Edad" in C:\xampp\htdocs\escuela\models\profesormateriamodel.php on line 22
[10-Nov-2022 22:08:01 America/Mexico_City] PHP Warning:  Undefined array key "Foto_alumno" in C:\xampp\htdocs\escuela\models\profesormateriamodel.php on line 23
[10-Nov-2022 22:08:01 America/Mexico_City] PHP Warning:  Undefined array key "id_Estatus" in C:\xampp\htdocs\escuela\models\profesormateriamodel.php on line 24
[10-Nov-2022 22:08:02 America/Mexico_City] PHP Warning:  Undefined array key "alumno_id" in C:\xampp\htdocs\escuela\models\profesormateriamodel.php on line 18
[10-Nov-2022 22:08:02 America/Mexico_City] PHP Warning:  Undefined array key "Nombre_Completo" in C:\xampp\htdocs\escuela\models\profesormateriamodel.php on line 19
[10-Nov-2022 22:08:02 America/Mexico_City] PHP Warning:  Undefined array key "Sexo" in C:\xampp\htdocs\escuela\models\profesormateriamodel.php on line 20
[10-Nov-2022 22:08:02 America/Mexico_City] PHP Warning:  Undefined array key "Curp" in C:\xampp\htdocs\escuela\models\profesormateriamodel.php on line 21
[10-Nov-2022 22:08:02 America/Mexico_City] PHP Warning:  Undefined array key "Edad" in C:\xampp\htdocs\escuela\models\profesormateriamodel.php on line 22
[10-Nov-2022 22:08:02 America/Mexico_City] PHP Warning:  Undefined array key "Foto_alumno" in C:\xampp\htdocs\escuela\models\profesormateriamodel.php on line 23
[10-Nov-2022 22:08:02 America/Mexico_City] PHP Warning:  Undefined array key "id_Estatus" in C:\xampp\htdocs\escuela\models\profesormateriamodel.php on line 24
[10-Nov-2022 22:08:02 America/Mexico_City] PHP Warning:  Undefined array key "alumno_id" in C:\xampp\htdocs\escuela\models\profesormateriamodel.php on line 18
[10-Nov-2022 22:08:02 America/Mexico_City] PHP Warning:  Undefined array key "Nombre_Completo" in C:\xampp\htdocs\escuela\models\profesormateriamodel.php on line 19
[10-Nov-2022 22:08:02 America/Mexico_City] PHP Warning:  Undefined array key "Sexo" in C:\xampp\htdocs\escuela\models\profesormateriamodel.php on line 20
[10-Nov-2022 22:08:02 America/Mexico_City] PHP Warning:  Undefined array key "Curp" in C:\xampp\htdocs\escuela\models\profesormateriamodel.php on line 21
[10-Nov-2022 22:08:02 America/Mexico_City] PHP Warning:  Undefined array key "Edad" in C:\xampp\htdocs\escuela\models\profesormateriamodel.php on line 22
[10-Nov-2022 22:08:02 America/Mexico_City] PHP Warning:  Undefined array key "Foto_alumno" in C:\xampp\htdocs\escuela\models\profesormateriamodel.php on line 23
[10-Nov-2022 22:08:02 America/Mexico_City] PHP Warning:  Undefined array key "id_Estatus" in C:\xampp\htdocs\escuela\models\profesormateriamodel.php on line 24
[10-Nov-2022 22:08:02 America/Mexico_City] PHP Warning:  Undefined array key "alumno_id" in C:\xampp\htdocs\escuela\models\profesormateriamodel.php on line 18
[10-Nov-2022 22:08:02 America/Mexico_City] PHP Warning:  Undefined array key "Nombre_Completo" in C:\xampp\htdocs\escuela\models\profesormateriamodel.php on line 19
[10-Nov-2022 22:08:02 America/Mexico_City] PHP Warning:  Undefined array key "Sexo" in C:\xampp\htdocs\escuela\models\profesormateriamodel.php on line 20
[10-Nov-2022 22:08:02 America/Mexico_City] PHP Warning:  Undefined array key "Curp" in C:\xampp\htdocs\escuela\models\profesormateriamodel.php on line 21
[10-Nov-2022 22:08:02 America/Mexico_City] PHP Warning:  Undefined array key "Edad" in C:\xampp\htdocs\escuela\models\profesormateriamodel.php on line 22
[10-Nov-2022 22:08:02 America/Mexico_City] PHP Warning:  Undefined array key "Foto_alumno" in C:\xampp\htdocs\escuela\models\profesormateriamodel.php on line 23
[10-Nov-2022 22:08:02 America/Mexico_City] PHP Warning:  Undefined array key "id_Estatus" in C:\xampp\htdocs\escuela\models\profesormateriamodel.php on line 24
[10-Nov-2022 22:08:02 America/Mexico_City] PHP Warning:  Undefined array key "alumno_id" in C:\xampp\htdocs\escuela\models\profesormateriamodel.php on line 18
[10-Nov-2022 22:08:02 America/Mexico_City] PHP Warning:  Undefined array key "Nombre_Completo" in C:\xampp\htdocs\escuela\models\profesormateriamodel.php on line 19
[10-Nov-2022 22:08:02 America/Mexico_City] PHP Warning:  Undefined array key "Sexo" in C:\xampp\htdocs\escuela\models\profesormateriamodel.php on line 20
[10-Nov-2022 22:08:02 America/Mexico_City] PHP Warning:  Undefined array key "Curp" in C:\xampp\htdocs\escuela\models\profesormateriamodel.php on line 21
[10-Nov-2022 22:08:02 America/Mexico_City] PHP Warning:  Undefined array key "Edad" in C:\xampp\htdocs\escuela\models\profesormateriamodel.php on line 22
[10-Nov-2022 22:08:02 America/Mexico_City] PHP Warning:  Undefined array key "Foto_alumno" in C:\xampp\htdocs\escuela\models\profesormateriamodel.php on line 23
[10-Nov-2022 22:08:02 America/Mexico_City] PHP Warning:  Undefined array key "id_Estatus" in C:\xampp\htdocs\escuela\models\profesormateriamodel.php on line 24
[10-Nov-2022 22:08:03 America/Mexico_City] PHP Warning:  Undefined array key "alumno_id" in C:\xampp\htdocs\escuela\models\profesormateriamodel.php on line 18
[10-Nov-2022 22:08:03 America/Mexico_City] PHP Warning:  Undefined array key "Nombre_Completo" in C:\xampp\htdocs\escuela\models\profesormateriamodel.php on line 19
[10-Nov-2022 22:08:03 America/Mexico_City] PHP Warning:  Undefined array key "Sexo" in C:\xampp\htdocs\escuela\models\profesormateriamodel.php on line 20
[10-Nov-2022 22:08:03 America/Mexico_City] PHP Warning:  Undefined array key "Curp" in C:\xampp\htdocs\escuela\models\profesormateriamodel.php on line 21
[10-Nov-2022 22:08:03 America/Mexico_City] PHP Warning:  Undefined array key "Edad" in C:\xampp\htdocs\escuela\models\profesormateriamodel.php on line 22
[10-Nov-2022 22:08:03 America/Mexico_City] PHP Warning:  Undefined array key "Foto_alumno" in C:\xampp\htdocs\escuela\models\profesormateriamodel.php on line 23
[10-Nov-2022 22:08:03 America/Mexico_City] PHP Warning:  Undefined array key "id_Estatus" in C:\xampp\htdocs\escuela\models\profesormateriamodel.php on line 24
[10-Nov-2022 22:08:03 America/Mexico_City] PHP Warning:  Undefined array key "alumno_id" in C:\xampp\htdocs\escuela\models\profesormateriamodel.php on line 18
[10-Nov-2022 22:08:03 America/Mexico_City] PHP Warning:  Undefined array key "Nombre_Completo" in C:\xampp\htdocs\escuela\models\profesormateriamodel.php on line 19
[10-Nov-2022 22:08:03 America/Mexico_City] PHP Warning:  Undefined array key "Sexo" in C:\xampp\htdocs\escuela\models\profesormateriamodel.php on line 20
[10-Nov-2022 22:08:03 America/Mexico_City] PHP Warning:  Undefined array key "Curp" in C:\xampp\htdocs\escuela\models\profesormateriamodel.php on line 21
[10-Nov-2022 22:08:03 America/Mexico_City] PHP Warning:  Undefined array key "Edad" in C:\xampp\htdocs\escuela\models\profesormateriamodel.php on line 22
[10-Nov-2022 22:08:03 America/Mexico_City] PHP Warning:  Undefined array key "Foto_alumno" in C:\xampp\htdocs\escuela\models\profesormateriamodel.php on line 23
[10-Nov-2022 22:08:03 America/Mexico_City] PHP Warning:  Undefined array key "id_Estatus" in C:\xampp\htdocs\escuela\models\profesormateriamodel.php on line 24
[10-Nov-2022 22:08:03 America/Mexico_City] PHP Warning:  Undefined array key "alumno_id" in C:\xampp\htdocs\escuela\models\profesormateriamodel.php on line 18
[10-Nov-2022 22:08:03 America/Mexico_City] PHP Warning:  Undefined array key "Nombre_Completo" in C:\xampp\htdocs\escuela\models\profesormateriamodel.php on line 19
[10-Nov-2022 22:08:03 America/Mexico_City] PHP Warning:  Undefined array key "Sexo" in C:\xampp\htdocs\escuela\models\profesormateriamodel.php on line 20
[10-Nov-2022 22:08:03 America/Mexico_City] PHP Warning:  Undefined array key "Curp" in C:\xampp\htdocs\escuela\models\profesormateriamodel.php on line 21
[10-Nov-2022 22:08:03 America/Mexico_City] PHP Warning:  Undefined array key "Edad" in C:\xampp\htdocs\escuela\models\profesormateriamodel.php on line 22
[10-Nov-2022 22:08:03 America/Mexico_City] PHP Warning:  Undefined array key "Foto_alumno" in C:\xampp\htdocs\escuela\models\profesormateriamodel.php on line 23
[10-Nov-2022 22:08:03 America/Mexico_City] PHP Warning:  Undefined array key "id_Estatus" in C:\xampp\htdocs\escuela\models\profesormateriamodel.php on line 24
[10-Nov-2022 22:08:03 America/Mexico_City] PHP Warning:  Undefined array key "alumno_id" in C:\xampp\htdocs\escuela\models\profesormateriamodel.php on line 18
[10-Nov-2022 22:08:03 America/Mexico_City] PHP Warning:  Undefined array key "Nombre_Completo" in C:\xampp\htdocs\escuela\models\profesormateriamodel.php on line 19
[10-Nov-2022 22:08:03 America/Mexico_City] PHP Warning:  Undefined array key "Sexo" in C:\xampp\htdocs\escuela\models\profesormateriamodel.php on line 20
[10-Nov-2022 22:08:03 America/Mexico_City] PHP Warning:  Undefined array key "Curp" in C:\xampp\htdocs\escuela\models\profesormateriamodel.php on line 21
[10-Nov-2022 22:08:03 America/Mexico_City] PHP Warning:  Undefined array key "Edad" in C:\xampp\htdocs\escuela\models\profesormateriamodel.php on line 22
[10-Nov-2022 22:08:03 America/Mexico_City] PHP Warning:  Undefined array key "Foto_alumno" in C:\xampp\htdocs\escuela\models\profesormateriamodel.php on line 23
[10-Nov-2022 22:08:03 America/Mexico_City] PHP Warning:  Undefined array key "id_Estatus" in C:\xampp\htdocs\escuela\models\profesormateriamodel.php on line 24
[10-Nov-2022 22:20:03 America/Mexico_City] saveUs::Nuevo maestro creado
[10-Nov-2022 22:21:04 America/Mexico_City] saveUs::Nuevo maestro creado
[10-Nov-2022 22:21:22 America/Mexico_City] ActualizarR::Datos del maestros Actualizados
[10-Nov-2022 22:22:57 America/Mexico_City] ActualizarR::Datos del maestros Actualizados
[10-Nov-2022 22:23:07 America/Mexico_City] ActualizarR::Datos del maestros Actualizados
[10-Nov-2022 22:24:19 America/Mexico_City] saveUs::Nuevo maestro creado
[10-Nov-2022 22:24:41 America/Mexico_City] ActualizarR::Datos del maestros Actualizados
[10-Nov-2022 22:24:50 America/Mexico_City] ActualizarR::Datos del maestros Actualizados
[10-Nov-2022 22:25:06 America/Mexico_City] ActualizarR::Datos del maestros Actualizados
[10-Nov-2022 22:25:19 America/Mexico_City] ActualizarR::Datos del maestros Actualizados
[10-Nov-2022 22:25:28 America/Mexico_City] eliminarMa::Maestro dado de baja
[10-Nov-2022 22:27:02 America/Mexico_City] saveProfesorMateria::Nuevo materias asignadas al profesor
